TN:
SF:/Users/jacobclark/Desktop/GildedRose-Refactoring-Kata/js-jest/src/gilded_rose.js
FN:4,(anonymous_0)
FN:12,(anonymous_1)
FN:15,(anonymous_2)
FNF:3
FNH:3
FNDA:5,(anonymous_0)
FNDA:5,(anonymous_1)
FNDA:5,(anonymous_2)
DA:1,1
DA:5,5
DA:6,5
DA:7,5
DA:13,5
DA:16,5
DA:17,5
DA:18,1
DA:19,1
DA:20,1
DA:24,4
DA:25,4
DA:26,4
DA:27,3
DA:28,3
DA:29,3
DA:32,3
DA:33,2
DA:34,2
DA:40,5
DA:41,5
DA:43,5
DA:44,1
DA:45,1
DA:46,0
DA:47,0
DA:48,0
DA:52,1
DA:55,0
DA:56,0
DA:62,5
DA:66,1
LF:32
LH:27
BRDA:12,0,0,0
BRDA:17,1,0,1
BRDA:17,1,1,4
BRDA:17,2,0,5
BRDA:17,2,1,4
BRDA:18,3,0,1
BRDA:18,3,1,0
BRDA:19,4,0,1
BRDA:19,4,1,0
BRDA:24,5,0,4
BRDA:24,5,1,0
BRDA:26,6,0,3
BRDA:26,6,1,1
BRDA:27,7,0,3
BRDA:27,7,1,0
BRDA:28,8,0,3
BRDA:28,8,1,0
BRDA:32,9,0,2
BRDA:32,9,1,1
BRDA:33,10,0,2
BRDA:33,10,1,0
BRDA:40,11,0,5
BRDA:40,11,1,0
BRDA:43,12,0,1
BRDA:43,12,1,4
BRDA:44,13,0,1
BRDA:44,13,1,0
BRDA:45,14,0,0
BRDA:45,14,1,1
BRDA:46,15,0,0
BRDA:46,15,1,0
BRDA:47,16,0,0
BRDA:47,16,1,0
BRDA:55,17,0,0
BRDA:55,17,1,0
BRF:35
BRH:19
end_of_record
TN:
SF:/Users/jacobclark/Desktop/GildedRose-Refactoring-Kata/js-jest/src/inventory.js
FNF:0
FNH:0
DA:1,1
DA:8,1
LF:2
LH:2
BRF:0
BRH:0
end_of_record
