{"/Users/jacobclark/Desktop/GildedRose-Refactoring-Kata/js-jest/src/gilded_rose.js": {"path":"/Users/jacobclark/Desktop/GildedRose-Refactoring-Kata/js-jest/src/gilded_rose.js","statementMap":{"0":{"start":{"line":1,"column":18},"end":{"line":1,"column":40}},"1":{"start":{"line":5,"column":4},"end":{"line":5,"column":35}},"2":{"start":{"line":6,"column":4},"end":{"line":6,"column":39}},"3":{"start":{"line":7,"column":4},"end":{"line":7,"column":42}},"4":{"start":{"line":13,"column":4},"end":{"line":13,"column":23}},"5":{"start":{"line":16,"column":4},"end":{"line":60,"column":5}},"6":{"start":{"line":16,"column":17},"end":{"line":16,"column":18}},"7":{"start":{"line":17,"column":6},"end":{"line":39,"column":7}},"8":{"start":{"line":18,"column":8},"end":{"line":22,"column":9}},"9":{"start":{"line":19,"column":10},"end":{"line":21,"column":11}},"10":{"start":{"line":20,"column":12},"end":{"line":20,"column":62}},"11":{"start":{"line":24,"column":8},"end":{"line":38,"column":9}},"12":{"start":{"line":25,"column":10},"end":{"line":25,"column":60}},"13":{"start":{"line":26,"column":10},"end":{"line":37,"column":11}},"14":{"start":{"line":27,"column":12},"end":{"line":31,"column":13}},"15":{"start":{"line":28,"column":14},"end":{"line":30,"column":15}},"16":{"start":{"line":29,"column":16},"end":{"line":29,"column":66}},"17":{"start":{"line":32,"column":12},"end":{"line":36,"column":13}},"18":{"start":{"line":33,"column":14},"end":{"line":35,"column":15}},"19":{"start":{"line":34,"column":16},"end":{"line":34,"column":66}},"20":{"start":{"line":40,"column":6},"end":{"line":42,"column":7}},"21":{"start":{"line":41,"column":8},"end":{"line":41,"column":56}},"22":{"start":{"line":43,"column":6},"end":{"line":59,"column":7}},"23":{"start":{"line":44,"column":8},"end":{"line":58,"column":9}},"24":{"start":{"line":45,"column":10},"end":{"line":53,"column":11}},"25":{"start":{"line":46,"column":12},"end":{"line":50,"column":13}},"26":{"start":{"line":47,"column":14},"end":{"line":49,"column":15}},"27":{"start":{"line":48,"column":16},"end":{"line":48,"column":66}},"28":{"start":{"line":52,"column":12},"end":{"line":52,"column":82}},"29":{"start":{"line":55,"column":10},"end":{"line":57,"column":11}},"30":{"start":{"line":56,"column":12},"end":{"line":56,"column":62}},"31":{"start":{"line":62,"column":4},"end":{"line":62,"column":22}},"32":{"start":{"line":66,"column":0},"end":{"line":69,"column":1}}},"fnMap":{"0":{"name":"(anonymous_0)","decl":{"start":{"line":4,"column":2},"end":{"line":4,"column":3}},"loc":{"start":{"line":4,"column":29},"end":{"line":8,"column":3}},"line":4},"1":{"name":"(anonymous_1)","decl":{"start":{"line":12,"column":2},"end":{"line":12,"column":3}},"loc":{"start":{"line":12,"column":23},"end":{"line":14,"column":3}},"line":12},"2":{"name":"(anonymous_2)","decl":{"start":{"line":15,"column":2},"end":{"line":15,"column":3}},"loc":{"start":{"line":15,"column":18},"end":{"line":63,"column":3}},"line":15}},"branchMap":{"0":{"loc":{"start":{"line":12,"column":14},"end":{"line":12,"column":22}},"type":"default-arg","locations":[{"start":{"line":12,"column":20},"end":{"line":12,"column":22}}],"line":12},"1":{"loc":{"start":{"line":17,"column":6},"end":{"line":39,"column":7}},"type":"if","locations":[{"start":{"line":17,"column":6},"end":{"line":39,"column":7}},{"start":{"line":17,"column":6},"end":{"line":39,"column":7}}],"line":17},"2":{"loc":{"start":{"line":17,"column":10},"end":{"line":17,"column":101}},"type":"binary-expr","locations":[{"start":{"line":17,"column":10},"end":{"line":17,"column":51}},{"start":{"line":17,"column":55},"end":{"line":17,"column":101}}],"line":17},"3":{"loc":{"start":{"line":18,"column":8},"end":{"line":22,"column":9}},"type":"if","locations":[{"start":{"line":18,"column":8},"end":{"line":22,"column":9}},{"start":{"line":18,"column":8},"end":{"line":22,"column":9}}],"line":18},"4":{"loc":{"start":{"line":19,"column":10},"end":{"line":21,"column":11}},"type":"if","locations":[{"start":{"line":19,"column":10},"end":{"line":21,"column":11}},{"start":{"line":19,"column":10},"end":{"line":21,"column":11}}],"line":19},"5":{"loc":{"start":{"line":24,"column":8},"end":{"line":38,"column":9}},"type":"if","locations":[{"start":{"line":24,"column":8},"end":{"line":38,"column":9}},{"start":{"line":24,"column":8},"end":{"line":38,"column":9}}],"line":24},"6":{"loc":{"start":{"line":26,"column":10},"end":{"line":37,"column":11}},"type":"if","locations":[{"start":{"line":26,"column":10},"end":{"line":37,"column":11}},{"start":{"line":26,"column":10},"end":{"line":37,"column":11}}],"line":26},"7":{"loc":{"start":{"line":27,"column":12},"end":{"line":31,"column":13}},"type":"if","locations":[{"start":{"line":27,"column":12},"end":{"line":31,"column":13}},{"start":{"line":27,"column":12},"end":{"line":31,"column":13}}],"line":27},"8":{"loc":{"start":{"line":28,"column":14},"end":{"line":30,"column":15}},"type":"if","locations":[{"start":{"line":28,"column":14},"end":{"line":30,"column":15}},{"start":{"line":28,"column":14},"end":{"line":30,"column":15}}],"line":28},"9":{"loc":{"start":{"line":32,"column":12},"end":{"line":36,"column":13}},"type":"if","locations":[{"start":{"line":32,"column":12},"end":{"line":36,"column":13}},{"start":{"line":32,"column":12},"end":{"line":36,"column":13}}],"line":32},"10":{"loc":{"start":{"line":33,"column":14},"end":{"line":35,"column":15}},"type":"if","locations":[{"start":{"line":33,"column":14},"end":{"line":35,"column":15}},{"start":{"line":33,"column":14},"end":{"line":35,"column":15}}],"line":33},"11":{"loc":{"start":{"line":40,"column":6},"end":{"line":42,"column":7}},"type":"if","locations":[{"start":{"line":40,"column":6},"end":{"line":42,"column":7}},{"start":{"line":40,"column":6},"end":{"line":42,"column":7}}],"line":40},"12":{"loc":{"start":{"line":43,"column":6},"end":{"line":59,"column":7}},"type":"if","locations":[{"start":{"line":43,"column":6},"end":{"line":59,"column":7}},{"start":{"line":43,"column":6},"end":{"line":59,"column":7}}],"line":43},"13":{"loc":{"start":{"line":44,"column":8},"end":{"line":58,"column":9}},"type":"if","locations":[{"start":{"line":44,"column":8},"end":{"line":58,"column":9}},{"start":{"line":44,"column":8},"end":{"line":58,"column":9}}],"line":44},"14":{"loc":{"start":{"line":45,"column":10},"end":{"line":53,"column":11}},"type":"if","locations":[{"start":{"line":45,"column":10},"end":{"line":53,"column":11}},{"start":{"line":45,"column":10},"end":{"line":53,"column":11}}],"line":45},"15":{"loc":{"start":{"line":46,"column":12},"end":{"line":50,"column":13}},"type":"if","locations":[{"start":{"line":46,"column":12},"end":{"line":50,"column":13}},{"start":{"line":46,"column":12},"end":{"line":50,"column":13}}],"line":46},"16":{"loc":{"start":{"line":47,"column":14},"end":{"line":49,"column":15}},"type":"if","locations":[{"start":{"line":47,"column":14},"end":{"line":49,"column":15}},{"start":{"line":47,"column":14},"end":{"line":49,"column":15}}],"line":47},"17":{"loc":{"start":{"line":55,"column":10},"end":{"line":57,"column":11}},"type":"if","locations":[{"start":{"line":55,"column":10},"end":{"line":57,"column":11}},{"start":{"line":55,"column":10},"end":{"line":57,"column":11}}],"line":55}},"s":{"0":1,"1":5,"2":5,"3":5,"4":5,"5":5,"6":5,"7":5,"8":1,"9":1,"10":1,"11":4,"12":4,"13":4,"14":3,"15":3,"16":3,"17":3,"18":2,"19":2,"20":5,"21":5,"22":5,"23":1,"24":1,"25":0,"26":0,"27":0,"28":1,"29":0,"30":0,"31":5,"32":1},"f":{"0":5,"1":5,"2":5},"b":{"0":[0],"1":[1,4],"2":[5,4],"3":[1,0],"4":[1,0],"5":[4,0],"6":[3,1],"7":[3,0],"8":[3,0],"9":[2,1],"10":[2,0],"11":[5,0],"12":[1,4],"13":[1,0],"14":[0,1],"15":[0,0],"16":[0,0],"17":[0,0]},"_coverageSchema":"43e27e138ebf9cfc5966b082cf9a028302ed4184","hash":"081249b1199bff366436598c73b70cce23dbc5a3"}
,"/Users/jacobclark/Desktop/GildedRose-Refactoring-Kata/js-jest/src/inventory.js": {"path":"/Users/jacobclark/Desktop/GildedRose-Refactoring-Kata/js-jest/src/inventory.js","statementMap":{"0":{"start":{"line":1,"column":18},"end":{"line":6,"column":1}},"1":{"start":{"line":8,"column":0},"end":{"line":8,"column":27}}},"fnMap":{},"branchMap":{},"s":{"0":1,"1":1},"f":{},"b":{},"_coverageSchema":"43e27e138ebf9cfc5966b082cf9a028302ed4184","hash":"b359cc6be8ca1d8064eae79a84448d25eb83576e"}
}
